2025-02-07 00:15:50,609 [Worker-2: Loading available Gradle versions] INFO  o.e.b.c.i.u.g.PublishedGradleVersions - Gradle version information cache is out-of-date. Trying to update.
2025-02-07 00:15:52,304 [Worker-2: Loading available Gradle versions] ERROR o.e.b.c.i.u.g.PublishedGradleVersions - Cannot write Gradle version information cache file.
java.io.FileNotFoundException: C:\Users\bajis\.cache\tooling\gradle\versions.json (Access is denied)
	at java.base/java.io.FileOutputStream.open0(Native Method)
	at java.base/java.io.FileOutputStream.open(FileOutputStream.java:289)
	at java.base/java.io.FileOutputStream.<init>(FileOutputStream.java:230)
	at com.google.common.io.Files$FileByteSink.openStream(Files.java:197)
	at com.google.common.io.Files$FileByteSink.openStream(Files.java:185)
	at com.google.common.io.ByteSink$AsCharSink.openStream(ByteSink.java:152)
	at com.google.common.io.CharSource$StringCharSource.copyTo(CharSource.java:662)
	at org.eclipse.buildship.core.internal.util.gradle.PublishedGradleVersions.storeCacheVersionsFile(PublishedGradleVersions.java:184)
	at org.eclipse.buildship.core.internal.util.gradle.PublishedGradleVersions.tryToDownloadAndCacheVersions(PublishedGradleVersions.java:150)
	at org.eclipse.buildship.core.internal.util.gradle.PublishedGradleVersions.tryToUpdateOutdatedVersionsFile(PublishedGradleVersions.java:133)
	at org.eclipse.buildship.core.internal.util.gradle.PublishedGradleVersions.create(PublishedGradleVersions.java:117)
	at org.eclipse.buildship.core.internal.util.gradle.PublishedGradleVersionsWrapper$LoadVersionsJob.run(PublishedGradleVersionsWrapper.java:73)
	at org.eclipse.core.internal.jobs.Worker.run(Worker.java:63)
2025-02-16 23:17:12,309 [Worker-0: Loading available Gradle versions] INFO  o.e.b.c.i.u.g.PublishedGradleVersions - Gradle version information cache is out-of-date. Trying to update.
2025-02-16 23:17:14,622 [Worker-0: Loading available Gradle versions] ERROR o.e.b.c.i.u.g.PublishedGradleVersions - Cannot write Gradle version information cache file.
java.io.FileNotFoundException: C:\Users\bajis\.cache\tooling\gradle\versions.json (Access is denied)
	at java.base/java.io.FileOutputStream.open0(Native Method)
	at java.base/java.io.FileOutputStream.open(FileOutputStream.java:289)
	at java.base/java.io.FileOutputStream.<init>(FileOutputStream.java:230)
	at com.google.common.io.Files$FileByteSink.openStream(Files.java:197)
	at com.google.common.io.Files$FileByteSink.openStream(Files.java:185)
	at com.google.common.io.ByteSink$AsCharSink.openStream(ByteSink.java:152)
	at com.google.common.io.CharSource$StringCharSource.copyTo(CharSource.java:662)
	at org.eclipse.buildship.core.internal.util.gradle.PublishedGradleVersions.storeCacheVersionsFile(PublishedGradleVersions.java:184)
	at org.eclipse.buildship.core.internal.util.gradle.PublishedGradleVersions.tryToDownloadAndCacheVersions(PublishedGradleVersions.java:150)
	at org.eclipse.buildship.core.internal.util.gradle.PublishedGradleVersions.tryToUpdateOutdatedVersionsFile(PublishedGradleVersions.java:133)
	at org.eclipse.buildship.core.internal.util.gradle.PublishedGradleVersions.create(PublishedGradleVersions.java:117)
	at org.eclipse.buildship.core.internal.util.gradle.PublishedGradleVersionsWrapper$LoadVersionsJob.run(PublishedGradleVersionsWrapper.java:73)
	at org.eclipse.core.internal.jobs.Worker.run(Worker.java:63)
